  ConsoleApplication2.cpp
D:\source\repos\ConsoleApplication2\ConsoleApplication2\ConsoleApplication2.cpp(119,94): warning C4244: аргумент: преобразование "T" в "T", возможна потеря данных
          with
          [
              T=unsigned int
          ]
          and
          [
              T=float
          ]
D:\source\repos\ConsoleApplication2\ConsoleApplication2\ConsoleApplication2.cpp(119,66): warning C4244: аргумент: преобразование "T" в "T", возможна потеря данных
          with
          [
              T=unsigned int
          ]
          and
          [
              T=float
          ]
D:\source\repos\ConsoleApplication2\ConsoleApplication2\ConsoleApplication2.cpp(123,110): warning C4244: аргумент: преобразование "T" в "T", возможна потеря данных
          with
          [
              T=unsigned int
          ]
          and
          [
              T=float
          ]
D:\source\repos\ConsoleApplication2\ConsoleApplication2\ConsoleApplication2.cpp(123,71): warning C4244: аргумент: преобразование "T" в "T", возможна потеря данных
          with
          [
              T=unsigned int
          ]
          and
          [
              T=float
          ]
D:\source\repos\ConsoleApplication2\ConsoleApplication2\ConsoleApplication2.cpp(216,25): warning C4244: аргумент: преобразование "time_t" в "unsigned int", возможна потеря данных
D:\source\repos\ConsoleApplication2\ConsoleApplication2\ConsoleApplication2.cpp(248,94): warning C4244: аргумент: преобразование "T" в "T", возможна потеря данных
          with
          [
              T=unsigned int
          ]
          and
          [
              T=float
          ]
D:\source\repos\ConsoleApplication2\ConsoleApplication2\ConsoleApplication2.cpp(248,66): warning C4244: аргумент: преобразование "T" в "T", возможна потеря данных
          with
          [
              T=unsigned int
          ]
          and
          [
              T=float
          ]
D:\source\repos\ConsoleApplication2\ConsoleApplication2\ConsoleApplication2.cpp(250,110): warning C4244: аргумент: преобразование "T" в "T", возможна потеря данных
          with
          [
              T=unsigned int
          ]
          and
          [
              T=float
          ]
D:\source\repos\ConsoleApplication2\ConsoleApplication2\ConsoleApplication2.cpp(250,67): warning C4244: аргумент: преобразование "T" в "T", возможна потеря данных
          with
          [
              T=unsigned int
          ]
          and
          [
              T=float
          ]
  ConsoleApplication2.vcxproj -> D:\source\repos\ConsoleApplication2\Debug\ConsoleApplication2.exe
